<?xml version="1.0" encoding="UTF-8"?>
<!-- Generated by org.testng.reporters.JUnitReportReporter -->
<testsuite skipped="0" hostname="DESKTOP-V01NHOK" name="test.AddPostTest" tests="3" failures="0" timestamp="2020-12-08T01:48:20 EET" time="94.257" errors="0">
  <testcase name="VerifyloginWithValidData" time="23.639" classname="test.AddPostTest"/>
  <system-out/>
  <testcase name="verifyAddPost" time="53.809" classname="test.AddPostTest"/>
  <system-out/>
  <testcase name="VerifyloginWithInvalidData" time="16.809" classname="test.AddPostTest"/>
  <system-out/>
</testsuite> <!-- test.AddPostTest -->
